build/outputs/logs/manifest-merger-debug-report.txt
-- Merging decision tree log ---
manifest
ADDED from platforms\android\AndroidManifest.xml:2:1-28:12
	package
		ADDED from platforms\android\AndroidManifest.xml:2:98-140
		INJECTED from platforms\android\AndroidManifest.xml
		INJECTED from platforms\android\AndroidManifest.xml
	android:versionName
		ADDED from platforms\android\AndroidManifest.xml:2:70-97
		INJECTED from platforms\android\AndroidManifest.xml
		INJECTED from platforms\android\AndroidManifest.xml
	android:hardwareAccelerated
		ADDED from platforms\android\AndroidManifest.xml:2:11-45
	android:versionCode
		ADDED from platforms\android\AndroidManifest.xml:2:46-69
		INJECTED from platforms\android\AndroidManifest.xml
		INJECTED from platforms\android\AndroidManifest.xml
	xmlns:android
		ADDED from platforms\android\AndroidManifest.xml:2:141-199
supports-screens
ADDED from platforms\android\AndroidManifest.xml:3:5-191
	android:largeScreens
		ADDED from platforms\android\AndroidManifest.xml:3:49-76
	android:smallScreens
		ADDED from platforms\android\AndroidManifest.xml:3:132-159
	android:normalScreens
		ADDED from platforms\android\AndroidManifest.xml:3:77-105
	android:xlargeScreens
		ADDED from platforms\android\AndroidManifest.xml:3:160-188
	android:resizeable
		ADDED from platforms\android\AndroidManifest.xml:3:106-131
	android:anyDensity
		ADDED from platforms\android\AndroidManifest.xml:3:23-48
uses-permission#android.permission.INTERNET
ADDED from platforms\android\AndroidManifest.xml:4:5-67
	android:name
		ADDED from platforms\android\AndroidManifest.xml:4:22-64
application
ADDED from platforms\android\AndroidManifest.xml:5:5-25:19
MERGED from [com.android.support:support-v4:24.1.1] AndroidManifest.xml:25:5-20
MERGED from [com.android.support:appcompat-v7:21.0.3] AndroidManifest.xml:16:5-19
MERGED from [com.android.support:support-v4:24.1.1] AndroidManifest.xml:25:5-20
MERGED from [com.android.support:recyclerview-v7:21.0.3] AndroidManifest.xml:17:5-19:19
MERGED from [com.android.support:support-v4:24.1.1] AndroidManifest.xml:25:5-20
	android:label
		ADDED from platforms\android\AndroidManifest.xml:5:83-115
	android:supportsRtl
		ADDED from platforms\android\AndroidManifest.xml:5:116-142
	android:hardwareAccelerated
		ADDED from platforms\android\AndroidManifest.xml:5:18-52
	android:icon
		ADDED from platforms\android\AndroidManifest.xml:5:53-82
activity#com.ionicframework.testtpl199249.MainActivity
ADDED from platforms\android\AndroidManifest.xml:6:9-11:20
	android:label
		ADDED from platforms\android\AndroidManifest.xml:6:97-134
	android:launchMode
		ADDED from platforms\android\AndroidManifest.xml:6:135-165
	android:windowSoftInputMode
		ADDED from platforms\android\AndroidManifest.xml:6:257-299
	android:configChanges
		ADDED from platforms\android\AndroidManifest.xml:6:19-96
	android:theme
		ADDED from platforms\android\AndroidManifest.xml:6:194-256
	android:name
		ADDED from platforms\android\AndroidManifest.xml:6:166-193
intent-filter#android.intent.action.MAIN+android.intent.category.LAUNCHER
ADDED from platforms\android\AndroidManifest.xml:7:13-10:29
	android:label
		ADDED from platforms\android\AndroidManifest.xml:7:28-65
action#android.intent.action.MAIN
ADDED from platforms\android\AndroidManifest.xml:8:17-69
	android:name
		ADDED from platforms\android\AndroidManifest.xml:8:25-66
category#android.intent.category.LAUNCHER
ADDED from platforms\android\AndroidManifest.xml:9:17-77
	android:name
		ADDED from platforms\android\AndroidManifest.xml:9:27-74
receiver#de.appplant.cordova.plugin.localnotification.TriggerReceiver
ADDED from platforms\android\AndroidManifest.xml:12:9-122
	android:exported
		ADDED from platforms\android\AndroidManifest.xml:12:19-43
	android:name
		ADDED from platforms\android\AndroidManifest.xml:12:44-119
receiver#de.appplant.cordova.plugin.localnotification.ClearReceiver
ADDED from platforms\android\AndroidManifest.xml:13:9-120
	android:exported
		ADDED from platforms\android\AndroidManifest.xml:13:19-43
	android:name
		ADDED from platforms\android\AndroidManifest.xml:13:44-117
activity#de.appplant.cordova.plugin.localnotification.ClickActivity
ADDED from platforms\android\AndroidManifest.xml:14:9-203
	android:launchMode
		ADDED from platforms\android\AndroidManifest.xml:14:44-79
	android:exported
		ADDED from platforms\android\AndroidManifest.xml:14:19-43
	android:theme
		ADDED from platforms\android\AndroidManifest.xml:14:154-200
	android:name
		ADDED from platforms\android\AndroidManifest.xml:14:80-153
receiver#de.appplant.cordova.plugin.notification.TriggerReceiver
ADDED from platforms\android\AndroidManifest.xml:15:9-117
	android:exported
		ADDED from platforms\android\AndroidManifest.xml:15:19-43
	android:name
		ADDED from platforms\android\AndroidManifest.xml:15:44-114
receiver#de.appplant.cordova.plugin.notification.ClearReceiver
ADDED from platforms\android\AndroidManifest.xml:16:9-115
	android:exported
		ADDED from platforms\android\AndroidManifest.xml:16:19-43
	android:name
		ADDED from platforms\android\AndroidManifest.xml:16:44-112
receiver#de.appplant.cordova.plugin.localnotification.RestoreReceiver
ADDED from platforms\android\AndroidManifest.xml:17:9-21:20
	android:exported
		ADDED from platforms\android\AndroidManifest.xml:17:19-43
	android:name
		ADDED from platforms\android\AndroidManifest.xml:17:44-119
intent-filter#android.intent.action.BOOT_COMPLETED
ADDED from platforms\android\AndroidManifest.xml:18:13-20:29
action#android.intent.action.BOOT_COMPLETED
ADDED from platforms\android\AndroidManifest.xml:19:17-79
	android:name
		ADDED from platforms\android\AndroidManifest.xml:19:25-76
service#com.meng.plugin.pushservice.ChatService
ADDED from platforms\android\AndroidManifest.xml:22:9-123
	android:enabled
		ADDED from platforms\android\AndroidManifest.xml:22:18-40
	android:exported
		ADDED from platforms\android\AndroidManifest.xml:22:41-64
	android:name
		ADDED from platforms\android\AndroidManifest.xml:22:66-120
activity#de.appplant.cordova.plugin.notification.ClickActivity
ADDED from platforms\android\AndroidManifest.xml:23:9-198
	android:launchMode
		ADDED from platforms\android\AndroidManifest.xml:23:44-79
	android:exported
		ADDED from platforms\android\AndroidManifest.xml:23:19-43
	android:theme
		ADDED from platforms\android\AndroidManifest.xml:23:149-195
	android:name
		ADDED from platforms\android\AndroidManifest.xml:23:80-148
uses-sdk
ADDED from platforms\android\AndroidManifest.xml:26:5-74
MERGED from [com.android.support:support-v4:24.1.1] AndroidManifest.xml:21:5-23:54
MERGED from [com.android.support:appcompat-v7:21.0.3] AndroidManifest.xml:15:5-42
MERGED from [com.android.support:support-v4:24.1.1] AndroidManifest.xml:21:5-23:54
MERGED from [com.android.support:recyclerview-v7:21.0.3] AndroidManifest.xml:15:5-42
MERGED from [com.android.support:support-v4:24.1.1] AndroidManifest.xml:21:5-23:54
MERGED from [android:CordovaLib:unspecified:debug] AndroidManifest.xml:25:5-44
	tools:overrideLibrary
		ADDED from [com.android.support:support-v4:24.1.1] AndroidManifest.xml:23:9-51
	android:targetSdkVersion
		ADDED from platforms\android\AndroidManifest.xml:26:42-71
	android:minSdkVersion
		ADDED from platforms\android\AndroidManifest.xml:26:15-41
uses-permission#android.permission.WRITE_EXTERNAL_STORAGE
ADDED from platforms\android\AndroidManifest.xml:27:5-81
	android:name
		ADDED from platforms\android\AndroidManifest.xml:27:22-78
activity#android.support.v7.widget.TestActivity
ADDED from [com.android.support:recyclerview-v7:21.0.3] AndroidManifest.xml:18:9-115
	android:label
		ADDED from [com.android.support:recyclerview-v7:21.0.3] AndroidManifest.xml:18:19-59
	android:name
		ADDED from [com.android.support:recyclerview-v7:21.0.3] AndroidManifest.xml:18:60-113